2014/08/31 11:38:48 [error] [exception.CHttpException.404] exception 'CHttpException' with message 'Unable to resolve the request "gii".' in C:\xampp\htdocs\yii\framework\web\CWebApplication.php:286
Stack trace:
#0 C:\xampp\htdocs\yii\framework\web\CWebApplication.php(141): CWebApplication->runController('gii')
#1 C:\xampp\htdocs\yii\framework\base\CApplication.php(180): CWebApplication->processRequest()
#2 C:\xampp\htdocs\dashball\index.php(13): CApplication->run()
#3 {main}
REQUEST_URI=/dashball/index.php?r=gii
---
2014/09/01 09:11:38 [error] [exception.CDbException] exception 'CDbException' with message 'CDbConnection.connectionString cannot be empty.' in C:\xampp\htdocs\yii\framework\db\CDbConnection.php:370
Stack trace:
#0 C:\xampp\htdocs\yii\framework\db\CDbConnection.php(330): CDbConnection->open()
#1 C:\xampp\htdocs\yii\framework\db\CDbConnection.php(308): CDbConnection->setActive(true)
#2 C:\xampp\htdocs\yii\framework\base\CModule.php(387): CDbConnection->init()
#3 C:\xampp\htdocs\yii\framework\base\CModule.php(103): CModule->getComponent('db')
#4 C:\xampp\htdocs\yii\framework\gii\generators\crud\CrudCode.php(44): CModule->__get('db')
#5 C:\xampp\htdocs\yii\framework\web\CFormModel.php(39): CrudCode->init()
#6 C:\xampp\htdocs\yii\framework\gii\CCodeGenerator.php(153): CFormModel->__construct()
#7 C:\xampp\htdocs\yii\framework\gii\CCodeGenerator.php(63): CCodeGenerator->prepare()
#8 C:\xampp\htdocs\yii\framework\web\actions\CInlineAction.php(49): CCodeGenerator->actionIndex()
#9 C:\xampp\htdocs\yii\framework\web\CController.php(308): CInlineAction->runWithParams(Array)
#10 C:\xampp\htdocs\yii\framework\web\CController.php(286): CController->runAction(Object(CInlineAction))
#11 C:\xampp\htdocs\yii\framework\web\CController.php(265): CController->runActionWithFilters(Object(CInlineAction), Array)
#12 C:\xampp\htdocs\yii\framework\web\CWebApplication.php(282): CController->run('index')
#13 C:\xampp\htdocs\yii\framework\web\CWebApplication.php(141): CWebApplication->runController('gii/crud/index')
#14 C:\xampp\htdocs\yii\framework\base\CApplication.php(180): CWebApplication->processRequest()
#15 C:\xampp\htdocs\dashball\index.php(13): CApplication->run()
#16 {main}
REQUEST_URI=/dashball/index.php?r=gii/crud/index
HTTP_REFERER=http://localhost/dashball/index.php?r=gii/default/index
---
